#
# There is insufficient memory for the Java Runtime Environment to continue.
# Native memory allocation (malloc) failed to allocate 1185680 bytes for Chunk::new
# Possible reasons:
#   The system is out of physical RAM or swap space
#   In 32 bit mode, the process size limit was hit
# Possible solutions:
#   Reduce memory load on the system
#   Increase physical memory or swap space
#   Check if swap backing store is full
#   Use 64 bit Java on a 64 bit OS
#   Decrease Java heap size (-Xmx/-Xms)
#   Decrease number of Java threads
#   Decrease Java thread stack sizes (-Xss)
#   Set larger code cache with -XX:ReservedCodeCacheSize=
# This output file may be truncated or incomplete.
#
#  Out of Memory Error (allocation.cpp:323), pid=8160, tid=8616
#
# JRE version: Java(TM) SE Runtime Environment (7.0_45-b18) (build 1.7.0_45-b18)
# Java VM: Java HotSpot(TM) 64-Bit Server VM (24.45-b08 mixed mode windows-amd64 compressed oops)
# Failed to write core dump. Minidumps are not enabled by default on client versions of Windows
#

---------------  T H R E A D  ---------------

Current thread (0x0000000008b35800):  JavaThread "C2 CompilerThread0" daemon [_thread_in_native, id=8616, stack(0x000000000a0c0000,0x000000000a1c0000)]

Stack: [0x000000000a0c0000,0x000000000a1c0000]

Current CompileTask:
C2:  23103  400   !         com.android.dx.cf.code.BytecodeArray::parseInstruction (2764 bytes)


---------------  P R O C E S S  ---------------

Java Threads: ( => current thread )
  0x000000000a7fa800 JavaThread "pool-2-thread-4" [_thread_in_Java, id=12044, stack(0x000000000acc0000,0x000000000adc0000)]
  0x000000000a74b800 JavaThread "pool-2-thread-3" [_thread_in_Java, id=2052, stack(0x000000000abc0000,0x000000000acc0000)]
  0x000000000a6e8000 JavaThread "pool-2-thread-2" [_thread_in_Java, id=8080, stack(0x000000000aac0000,0x000000000abc0000)]
  0x000000000a554000 JavaThread "pool-3-thread-1" [_thread_blocked, id=3288, stack(0x000000000a9c0000,0x000000000aac0000)]
  0x000000000a551800 JavaThread "pool-2-thread-1" [_thread_in_Java, id=11916, stack(0x000000000a8c0000,0x000000000a9c0000)]
  0x0000000008b46000 JavaThread "Service Thread" daemon [_thread_blocked, id=4232, stack(0x000000000a2c0000,0x000000000a3c0000)]
  0x0000000008b3f800 JavaThread "C2 CompilerThread1" daemon [_thread_in_native, id=5432, stack(0x000000000a1c0000,0x000000000a2c0000)]
=>0x0000000008b35800 JavaThread "C2 CompilerThread0" daemon [_thread_in_native, id=8616, stack(0x000000000a0c0000,0x000000000a1c0000)]
  0x0000000008b34800 JavaThread "Attach Listener" daemon [_thread_blocked, id=12128, stack(0x0000000009fc0000,0x000000000a0c0000)]
  0x0000000008b32000 JavaThread "Signal Dispatcher" daemon [_thread_blocked, id=11460, stack(0x0000000009ec0000,0x0000000009fc0000)]
  0x0000000008aed800 JavaThread "Finalizer" daemon [_thread_blocked, id=11800, stack(0x0000000009dc0000,0x0000000009ec0000)]
  0x0000000008ae2000 JavaThread "Reference Handler" daemon [_thread_blocked, id=10308, stack(0x0000000009cc0000,0x0000000009dc0000)]
  0x0000000002c50800 JavaThread "main" [_thread_in_Java, id=11836, stack(0x0000000002770000,0x0000000002870000)]

Other Threads:
  0x0000000008ae0000 VMThread [stack: 0x0000000009bc0000,0x0000000009cc0000] [id=9428]
  0x0000000008b54000 WatcherThread [stack: 0x000000000a3c0000,0x000000000a4c0000] [id=10760]

VM state:not at safepoint (normal execution)

VM Mutex/Monitor currently owned by a thread: None

Heap
 PSYoungGen      total 31744K, used 14408K [0x00000000eaa80000, 0x00000000ee880000, 0x0000000100000000)
  eden space 29696K, 41% used [0x00000000eaa80000,0x00000000eb698380,0x00000000ec780000)
  from space 2048K, 98% used [0x00000000ec780000,0x00000000ec97a048,0x00000000ec980000)
  to   space 2048K, 0% used [0x00000000ee680000,0x00000000ee680000,0x00000000ee880000)
 ParOldGen       total 37376K, used 8889K [0x00000000c0000000, 0x00000000c2480000, 0x00000000eaa80000)
  object space 37376K, 23% used [0x00000000c0000000,0x00000000c08ae408,0x00000000c2480000)
 PSPermGen       total 21504K, used 5904K [0x00000000bae00000, 0x00000000bc300000, 0x00000000c0000000)
  object space 21504K, 27% used [0x00000000bae00000,0x00000000bb3c42a8,0x00000000bc300000)

Card table byte_map: [0x0000000005d50000,0x0000000005f80000] byte_map_base: 0x0000000005779000

Polling page: 0x0000000000db0000

Code Cache  [0x0000000002d50000, 0x0000000002fc0000, 0x0000000005d50000)
 total_blobs=629 nmethods=391 adapters=191 free_code_cache=47586Kb largest_free_block=48696576

Compilation events (10 events):
Event: 22.740 Thread 0x0000000008b35800 nmethod 395 0x0000000002ecf4d0 code [0x0000000002ecf640, 0x0000000002ecfa38]
Event: 22.740 Thread 0x0000000008b35800  396             com.android.dx.ssa.SsaConverter::nodeNeedsUniquePredecessor (32 bytes)
Event: 22.747 Thread 0x0000000008b35800 nmethod 396 0x0000000002ec89d0 code [0x0000000002ec8b20, 0x0000000002ec8c58]
Event: 22.747 Thread 0x0000000008b35800  397             com.android.dx.util.FixedSizeList::shrinkToFit (103 bytes)
Event: 22.766 Thread 0x0000000008b35800 nmethod 397 0x0000000002e1dd90 code [0x0000000002e1dee0, 0x0000000002e1e258]
Event: 22.767 Thread 0x0000000008b35800  398             com.android.dx.cf.code.ByteOps::opInfo (6 bytes)
Event: 22.768 Thread 0x0000000008b35800 nmethod 398 0x0000000002ec87d0 code [0x0000000002ec8900, 0x0000000002ec8958]
Event: 22.768 Thread 0x0000000008b35800  399             com.android.dx.ssa.SsaMethod::convertRopToSsaBlocks (103 bytes)
Event: 22.842 Thread 0x0000000008b35800 nmethod 399 0x0000000002ecfdd0 code [0x0000000002ed0000, 0x0000000002ed09b0]
Event: 22.844 Thread 0x0000000008b35800  400   !         com.android.dx.cf.code.BytecodeArray::parseInstruction (2764 bytes)

GC Heap History (6 events):
Event: 7.180 GC heap before
{Heap before GC invocations=1 (full 0):
 PSYoungGen      total 16896K, used 14848K [0x00000000eaa80000, 0x00000000ebd00000, 0x0000000100000000)
  eden space 14848K, 100% used [0x00000000eaa80000,0x00000000eb900000,0x00000000eb900000)
  from space 2048K, 0% used [0x00000000ebb00000,0x00000000ebb00000,0x00000000ebd00000)
  to   space 2048K, 0% used [0x00000000eb900000,0x00000000eb900000,0x00000000ebb00000)
 ParOldGen       total 37376K, used 0K [0x00000000c0000000, 0x00000000c2480000, 0x00000000eaa80000)
  object space 37376K, 0% used [0x00000000c0000000,0x00000000c0000000,0x00000000c2480000)
 PSPermGen       total 21504K, used 5547K [0x00000000bae00000, 0x00000000bc300000, 0x00000000c0000000)
  object space 21504K, 25% used [0x00000000bae00000,0x00000000bb36aed0,0x00000000bc300000)
Event: 7.578 GC heap after
Heap after GC invocations=1 (full 0):
 PSYoungGen      total 16896K, used 2031K [0x00000000eaa80000, 0x00000000ecb80000, 0x0000000100000000)
  eden space 14848K, 0% used [0x00000000eaa80000,0x00000000eaa80000,0x00000000eb900000)
  from space 2048K, 99% used [0x00000000eb900000,0x00000000ebafbc88,0x00000000ebb00000)
  to   space 2048K, 0% used [0x00000000ec980000,0x00000000ec980000,0x00000000ecb80000)
 ParOldGen       total 37376K, used 1778K [0x00000000c0000000, 0x00000000c2480000, 0x00000000eaa80000)
  object space 37376K, 4% used [0x00000000c0000000,0x00000000c01bc9e0,0x00000000c2480000)
 PSPermGen       total 21504K, used 5547K [0x00000000bae00000, 0x00000000bc300000, 0x00000000c0000000)
  object space 21504K, 25% used [0x00000000bae00000,0x00000000bb36aed0,0x00000000bc300000)
}
Event: 12.347 GC heap before
{Heap before GC invocations=2 (full 0):
 PSYoungGen      total 16896K, used 16879K [0x00000000eaa80000, 0x00000000ecb80000, 0x0000000100000000)
  eden space 14848K, 100% used [0x00000000eaa80000,0x00000000eb900000,0x00000000eb900000)
  from space 2048K, 99% used [0x00000000eb900000,0x00000000ebafbc88,0x00000000ebb00000)
  to   space 2048K, 0% used [0x00000000ec980000,0x00000000ec980000,0x00000000ecb80000)
 ParOldGen       total 37376K, used 1778K [0x00000000c0000000, 0x00000000c2480000, 0x00000000eaa80000)
  object space 37376K, 4% used [0x00000000c0000000,0x00000000c01bc9e0,0x00000000c2480000)
 PSPermGen       total 21504K, used 5783K [0x00000000bae00000, 0x00000000bc300000, 0x00000000c0000000)
  object space 21504K, 26% used [0x00000000bae00000,0x00000000bb3a5f88,0x00000000bc300000)
Event: 12.872 GC heap after
Heap after GC invocations=2 (full 0):
 PSYoungGen      total 31744K, used 2024K [0x00000000eaa80000, 0x00000000ecb80000, 0x0000000100000000)
  eden space 29696K, 0% used [0x00000000eaa80000,0x00000000eaa80000,0x00000000ec780000)
  from space 2048K, 98% used [0x00000000ec980000,0x00000000ecb7a068,0x00000000ecb80000)
  to   space 2048K, 0% used [0x00000000ec780000,0x00000000ec780000,0x00000000ec980000)
 ParOldGen       total 37376K, used 4334K [0x00000000c0000000, 0x00000000c2480000, 0x00000000eaa80000)
  object space 37376K, 11% used [0x00000000c0000000,0x00000000c043baf0,0x00000000c2480000)
 PSPermGen       total 21504K, used 5783K [0x00000000bae00000, 0x00000000bc300000, 0x00000000c0000000)
  object space 21504K, 26% used [0x00000000bae00000,0x00000000bb3a5f88,0x00000000bc300000)
}
Event: 20.696 GC heap before
{Heap before GC invocations=3 (full 0):
 PSYoungGen      total 31744K, used 31720K [0x00000000eaa80000, 0x00000000ecb80000, 0x0000000100000000)
  eden space 29696K, 100% used [0x00000000eaa80000,0x00000000ec780000,0x00000000ec780000)
  from space 2048K, 98% used [0x00000000ec980000,0x00000000ecb7a068,0x00000000ecb80000)
  to   space 2048K, 0% used [0x00000000ec780000,0x00000000ec780000,0x00000000ec980000)
 ParOldGen       total 37376K, used 4334K [0x00000000c0000000, 0x00000000c2480000, 0x00000000eaa80000)
  object space 37376K, 11% used [0x00000000c0000000,0x00000000c043baf0,0x00000000c2480000)
 PSPermGen       total 21504K, used 5883K [0x00000000bae00000, 0x00000000bc300000, 0x00000000c0000000)
  object space 21504K, 27% used [0x00000000bae00000,0x00000000bb3beee8,0x00000000bc300000)
Event: 21.263 GC heap after
Heap after GC invocations=3 (full 0):
 PSYoungGen      total 31744K, used 2024K [0x00000000eaa80000, 0x00000000ee880000, 0x0000000100000000)
  eden space 29696K, 0% used [0x00000000eaa80000,0x00000000eaa80000,0x00000000ec780000)
  from space 2048K, 98% used [0x00000000ec780000,0x00000000ec97a048,0x00000000ec980000)
  to   space 2048K, 0% used [0x00000000ee680000,0x00000000ee680000,0x00000000ee880000)
 ParOldGen       total 37376K, used 8889K [0x00000000c0000000, 0x00000000c2480000, 0x00000000eaa80000)
  object space 37376K, 23% used [0x00000000c0000000,0x00000000c08ae408,0x00000000c2480000)
 PSPermGen       total 21504K, used 5883K [0x00000000bae00000, 0x00000000bc300000, 0x00000000c0000000)
  object space 21504K, 27% used [0x00000000bae00000,0x00000000bb3beee8,0x00000000bc300000)
}

Deoptimization events (10 events):
Event: 16.467 Thread 0x000000000a551800 Uncommon trap: reason=bimorphic action=maybe_recompile pc=0x0000000002e73060 method=com.android.dx.cf.code.BytecodeArray.parseInstruction(ILcom/android/dx/cf/code/BytecodeArray$Visitor;)I @ 939
Event: 18.997 Thread 0x0000000002c50800 Uncommon trap: reason=unloaded action=reinterpret pc=0x0000000002e9691c method=com.android.dx.cf.cst.ConstantPoolParser.parse0(ILjava/util/BitSet;)Lcom/android/dx/rop/cst/Constant; @ 198
Event: 19.897 Thread 0x000000000a551800 Uncommon trap: reason=uninitialized action=reinterpret pc=0x0000000002e5c950 method=com.android.dx.cf.code.Ropper.processBlock(Lcom/android/dx/cf/code/ByteBlock;Lcom/android/dx/cf/code/Frame;[I)V @ 596
Event: 20.334 Thread 0x000000000a551800 Uncommon trap: reason=bimorphic action=maybe_recompile pc=0x0000000002e8b998 method=com.android.dx.ssa.LiteralOpUpgrader.tryReplacingWithConstant(Lcom/android/dx/ssa/NormalSsaInsn;)Z @ 52
Event: 21.371 Thread 0x0000000002c50800 Uncommon trap: reason=bimorphic action=maybe_recompile pc=0x0000000002e72804 method=com.android.dx.cf.code.BytecodeArray.parseInstruction(ILcom/android/dx/cf/code/BytecodeArray$Visitor;)I @ 1549
Event: 21.372 Thread 0x0000000002c50800 Uncommon trap: reason=bimorphic action=maybe_recompile pc=0x0000000002e72804 method=com.android.dx.cf.code.BytecodeArray.parseInstruction(ILcom/android/dx/cf/code/BytecodeArray$Visitor;)I @ 1549
Event: 21.372 Thread 0x0000000002c50800 Uncommon trap: reason=bimorphic action=maybe_recompile pc=0x0000000002e73258 method=com.android.dx.cf.code.BytecodeArray.parseInstruction(ILcom/android/dx/cf/code/BytecodeArray$Visitor;)I @ 1035
Event: 21.373 Thread 0x0000000002c50800 Uncommon trap: reason=bimorphic action=maybe_recompile pc=0x0000000002e72804 method=com.android.dx.cf.code.BytecodeArray.parseInstruction(ILcom/android/dx/cf/code/BytecodeArray$Visitor;)I @ 1549
Event: 22.241 Thread 0x000000000a74b800 Uncommon trap: reason=class_check action=maybe_recompile pc=0x0000000002ec415c method=com.android.dx.ssa.SCCP.replaceConstants()V @ 127
Event: 22.644 Thread 0x000000000a74b800 Uncommon trap: reason=null_check action=make_not_entrant pc=0x0000000002e11f94 method=com.android.dx.ssa.SsaRenamer.getLocalForNewReg(I)Lcom/android/dx/rop/code/LocalItem; @ 19

Internal exceptions (10 events):
Event: 8.191 Thread 0x0000000002c50800 Threw 0x00000000eac6e440 at C:\re\jdk7u45\229\hotspot\src\share\vm\prims\jvm.cpp:1244
Event: 8.195 Thread 0x0000000002c50800 Threw 0x00000000eac73a68 at C:\re\jdk7u45\229\hotspot\src\share\vm\prims\jvm.cpp:1244
Event: 8.841 Thread 0x0000000002c50800 Threw 0x00000000eadf56b8 at C:\re\jdk7u45\229\hotspot\src\share\vm\prims\jvm.cpp:1244
Event: 9.204 Thread 0x0000000002c50800 Threw 0x00000000eaf3fc00 at C:\re\jdk7u45\229\hotspot\src\share\vm\prims\jvm.cpp:1244
Event: 9.222 Thread 0x000000000a551800 Threw 0x00000000eaf5c050 at C:\re\jdk7u45\229\hotspot\src\share\vm\prims\jvm.cpp:1244
Event: 9.248 Thread 0x000000000a7fa800 Threw 0x00000000eaef7c58 at C:\re\jdk7u45\229\hotspot\src\share\vm\prims\jvm.cpp:1244
Event: 11.768 Thread 0x0000000002c50800 Implicit null exception at 0x0000000002e0c9b7 to 0x0000000002e0d0a1
Event: 13.433 Thread 0x000000000a551800 Implicit null exception at 0x0000000002df5fd2 to 0x0000000002df60c2
Event: 14.903 Thread 0x000000000a74b800 Threw 0x00000000eb1314c0 at C:\re\jdk7u45\229\hotspot\src\share\vm\prims\jvm.cpp:1244
Event: 22.644 Thread 0x000000000a74b800 Implicit null exception at 0x0000000002e10d4d to 0x0000000002e11f69

Events (10 events):
Event: 21.373 Thread 0x0000000002c50800 Uncommon trap: trap_request=0xffffffc6 fr.pc=0x0000000002e72804
Event: 21.373 Thread 0x0000000002c50800 DEOPT PACKING pc=0x0000000002e72804 sp=0x000000000286e4a0
Event: 21.373 Thread 0x0000000002c50800 DEOPT UNPACKING pc=0x0000000002d89064 sp=0x000000000286e430 mode 2
Event: 22.241 Thread 0x000000000a74b800 Uncommon trap: trap_request=0xffffffde fr.pc=0x0000000002ec415c
Event: 22.241 Thread 0x000000000a74b800 DEOPT PACKING pc=0x0000000002ec415c sp=0x000000000acbe9b0
Event: 22.241 Thread 0x000000000a74b800 DEOPT UNPACKING pc=0x0000000002d89064 sp=0x000000000acbe900 mode 2
Event: 22.644 Thread 0x000000000a74b800 Uncommon trap: trap_request=0xfffffff4 fr.pc=0x0000000002e11f94
Event: 22.644 Thread 0x000000000a74b800 DEOPT PACKING pc=0x0000000002e11f94 sp=0x000000000acbe930
Event: 22.644 Thread 0x000000000a74b800 DEOPT UNPACKING pc=0x0000000002d89064 sp=0x000000000acbe6c0 mode 2
Event: 22.747 Thread 0x0000000008b35800 flushing nmethod 0x0000000002e1d390


Dynamic libraries:
0x00007ff640550000 - 0x00007ff640583000 	C:\Program Files\Java\jdk1.7.0_45\bin\java.exe
0x00007ffaa0230000 - 0x00007ffaa03dd000 	C:\windows\SYSTEM32\ntdll.dll
0x00007ffa9d870000 - 0x00007ffa9d9ae000 	C:\windows\system32\KERNEL32.DLL
0x00007ffa9d390000 - 0x00007ffa9d4a5000 	C:\windows\system32\KERNELBASE.dll
0x00007ffa9bbb0000 - 0x00007ffa9bc3e000 	C:\windows\system32\apphelp.dll
0x00007ffa879f0000 - 0x00007ffa87a43000 	C:\windows\AppPatch\AppPatch64\AcGenral.DLL
0x00007ffa9ff50000 - 0x00007ffa9fffa000 	C:\windows\system32\msvcrt.dll
0x00007ffa9d120000 - 0x00007ffa9d14e000 	C:\windows\system32\SspiCli.dll
0x00007ffa9e710000 - 0x00007ffa9e764000 	C:\windows\system32\SHLWAPI.dll
0x00007ffa9d9b0000 - 0x00007ffa9db27000 	C:\windows\system32\USER32.dll
0x00007ffa9dff0000 - 0x00007ffa9e184000 	C:\windows\system32\ole32.dll
0x00007ffa9ea20000 - 0x00007ffa9ff4b000 	C:\windows\system32\SHELL32.dll
0x00007ffa9c580000 - 0x00007ffa9c5a1000 	C:\windows\SYSTEM32\USERENV.dll
0x00007ffa9e660000 - 0x00007ffa9e70a000 	C:\windows\system32\ADVAPI32.dll
0x00007ffa957b0000 - 0x00007ffa957ce000 	C:\windows\SYSTEM32\MPR.dll
0x00007ffa9e8d0000 - 0x00007ffa9ea10000 	C:\windows\system32\RPCRT4.dll
0x00007ffaa01d0000 - 0x00007ffaa0229000 	C:\windows\SYSTEM32\sechost.dll
0x00007ffa9e440000 - 0x00007ffa9e651000 	C:\windows\SYSTEM32\combase.dll
0x00007ffa9e190000 - 0x00007ffa9e2df000 	C:\windows\system32\GDI32.dll
0x00007ffa9cf60000 - 0x00007ffa9cf75000 	C:\windows\SYSTEM32\profapi.dll
0x00007ffa9b560000 - 0x00007ffa9b612000 	C:\windows\SYSTEM32\SHCORE.dll
0x00007ffa9e790000 - 0x00007ffa9e7c6000 	C:\windows\system32\IMM32.DLL
0x00007ffa9d610000 - 0x00007ffa9d762000 	C:\windows\system32\MSCTF.dll
0x00007ffa9ac40000 - 0x00007ffa9aeba000 	C:\windows\WinSxS\amd64_microsoft.windows.common-controls_6595b64144ccf1df_6.0.9600.17810_none_6240b9c7ecbd0bda\COMCTL32.dll
0x0000000077720000 - 0x00000000777f2000 	C:\Program Files\Java\jdk1.7.0_45\jre\bin\msvcr100.dll
0x0000000077830000 - 0x0000000077ff9000 	C:\Program Files\Java\jdk1.7.0_45\jre\bin\server\jvm.dll
0x00007ffa8ffe0000 - 0x00007ffa8ffe9000 	C:\windows\SYSTEM32\WSOCK32.dll
0x00007ffa9d0f0000 - 0x00007ffa9d112000 	C:\windows\system32\WINMM.dll
0x00007ffa9ddd0000 - 0x00007ffa9ddd7000 	C:\windows\system32\PSAPI.DLL
0x00007ffa9df90000 - 0x00007ffa9dfea000 	C:\windows\system32\WS2_32.dll
0x00007ffa9d040000 - 0x00007ffa9d06a000 	C:\windows\system32\WINMMBASE.dll
0x00007ffa9ea10000 - 0x00007ffa9ea19000 	C:\windows\system32\NSI.dll
0x00007ffa9d090000 - 0x00007ffa9d0df000 	C:\windows\SYSTEM32\cfgmgr32.dll
0x00007ffa9d010000 - 0x00007ffa9d038000 	C:\windows\system32\DEVOBJ.dll
0x0000000050390000 - 0x000000005039f000 	C:\Program Files\Java\jdk1.7.0_45\jre\bin\verify.dll
0x0000000050360000 - 0x0000000050388000 	C:\Program Files\Java\jdk1.7.0_45\jre\bin\java.dll
0x0000000050340000 - 0x0000000050355000 	C:\Program Files\Java\jdk1.7.0_45\jre\bin\zip.dll
0x0000000050320000 - 0x0000000050339000 	C:\Program Files\Java\jdk1.7.0_45\jre\bin\net.dll
0x00007ffa9c7f0000 - 0x00007ffa9c849000 	C:\windows\system32\mswsock.dll
0x0000000050300000 - 0x0000000050311000 	C:\Program Files\Java\jdk1.7.0_45\jre\bin\nio.dll

VM Arguments:
jvm_args: -Djava.awt.headless=true -Xmx1024M -Dfile.encoding=GBK -Duser.country=CN -Duser.language=zh -Duser.variant 
java_command: com.android.dx.command.Main --dex --num-threads=4 --multi-dex --output E:\Iparking\app\build\intermediates\transforms\dex\debug\folders\1000\10\com.android.support-design-23.1.1_f91626e56d278608bf80406b5cb7cc0ae61dff45 E:\Iparking\app\build\intermediates\exploded-aar\com.android.support\design\23.1.1\jars\classes.jar
Launcher Type: SUN_STANDARD

Environment Variables:
JAVA_HOME=C:\Program Files\Java\jdk1.7.0_45
CLASSPATH=.;C:\Program Files\Java\jdk1.7.0_45\lib;C:\Program Files\Java\jdk1.7.0_45\lib\tools.jar
PATH=C:\ProgramData\Oracle\Java\javapath;C:\Program Files\Java\jdk1.7.0_45\bin;C:\Program Files\Java\jdk1.7.0_45\jre\bin;;C:\windows\system32;C:\windows;C:\windows\system32\wbem;E:\SQL2012\110\Tools\Binn\ManagementStudio\;E:\SQL2012\110\Tools\Binn\;E:\sql\110\Tools\Binn\;C:\Program Files (x86)\Microsoft Visual Studio 10.0\Common7\IDE\PrivateAssemblies\;E:\SQL2012\110\DTS\Binn\;D:\local\android\sdk\platform-tools
USERNAME=ying
OS=Windows_NT
PROCESSOR_IDENTIFIER=AMD64 Family 22 Model 0 Stepping 1, AuthenticAMD



---------------  S Y S T E M  ---------------

OS: Windows 8 , 64 bit Build 9200 

CPU:total 4 (4 cores per cpu, 1 threads per core) family 22 model 0 stepping 1, cmov, cx8, fxsr, mmx, sse, sse2, sse3, ssse3, sse4.1, sse4.2, popcnt, avx, aes, mmxext, 3dnowpref, lzcnt, sse4a, tsc, tscinvbit, tscinv

Memory: 4k page, physical 3611472k(164416k free), swap 6989652k(5792k free)

vm_info: Java HotSpot(TM) 64-Bit Server VM (24.45-b08) for windows-amd64 JRE (1.7.0_45-b18), built on Oct  8 2013 05:47:22 by "java_re" with unknown MS VC++:1600

time: Wed Jul 19 21:50:44 2017
elapsed time: 23 seconds

