#
# There is insufficient memory for the Java Runtime Environment to continue.
# Native memory allocation (malloc) failed to allocate 32744 bytes for ChunkPool::allocate
# Possible reasons:
#   The system is out of physical RAM or swap space
#   In 32 bit mode, the process size limit was hit
# Possible solutions:
#   Reduce memory load on the system
#   Increase physical memory or swap space
#   Check if swap backing store is full
#   Use 64 bit Java on a 64 bit OS
#   Decrease Java heap size (-Xmx/-Xms)
#   Decrease number of Java threads
#   Decrease Java thread stack sizes (-Xss)
#   Set larger code cache with -XX:ReservedCodeCacheSize=
# This output file may be truncated or incomplete.
#
#  Out of Memory Error (allocation.cpp:211), pid=11932, tid=11660
#
# JRE version: Java(TM) SE Runtime Environment (7.0_45-b18) (build 1.7.0_45-b18)
# Java VM: Java HotSpot(TM) 64-Bit Server VM (24.45-b08 mixed mode windows-amd64 compressed oops)
# Failed to write core dump. Minidumps are not enabled by default on client versions of Windows
#

---------------  T H R E A D  ---------------

Current thread (0x0000000008497800):  JavaThread "C2 CompilerThread1" daemon [_thread_in_vm, id=11660, stack(0x0000000009b00000,0x0000000009c00000)]

Stack: [0x0000000009b00000,0x0000000009c00000]

Current CompileTask:
C2:  87399 1064   !         com.android.dx.rop.type.Type::putIntern (50 bytes)


---------------  P R O C E S S  ---------------

Java Threads: ( => current thread )
  0x000000000a060800 JavaThread "pool-2-thread-4" [_thread_in_Java, id=11628, stack(0x000000000a600000,0x000000000a700000)]
  0x000000000a060000 JavaThread "pool-2-thread-3" [_thread_in_Java, id=9980, stack(0x000000000a500000,0x000000000a600000)]
  0x000000000a177800 JavaThread "pool-2-thread-2" [_thread_blocked, id=11492, stack(0x000000000a400000,0x000000000a500000)]
  0x000000000a063800 JavaThread "pool-3-thread-1" [_thread_blocked, id=11360, stack(0x000000000a300000,0x000000000a400000)]
  0x0000000009e87800 JavaThread "pool-2-thread-1" [_thread_blocked, id=13056, stack(0x000000000a200000,0x000000000a300000)]
  0x00000000084aa000 JavaThread "Service Thread" daemon [_thread_blocked, id=10964, stack(0x0000000009c00000,0x0000000009d00000)]
=>0x0000000008497800 JavaThread "C2 CompilerThread1" daemon [_thread_in_vm, id=11660, stack(0x0000000009b00000,0x0000000009c00000)]
  0x0000000008495800 JavaThread "C2 CompilerThread0" daemon [_thread_in_vm, id=9168, stack(0x0000000009a00000,0x0000000009b00000)]
  0x0000000008494800 JavaThread "Attach Listener" daemon [_thread_blocked, id=11520, stack(0x0000000009900000,0x0000000009a00000)]
  0x0000000008492000 JavaThread "Signal Dispatcher" daemon [_thread_blocked, id=9592, stack(0x0000000009800000,0x0000000009900000)]
  0x000000000844d800 JavaThread "Finalizer" daemon [_thread_blocked, id=12876, stack(0x0000000009700000,0x0000000009800000)]
  0x0000000008442000 JavaThread "Reference Handler" daemon [_thread_blocked, id=12708, stack(0x0000000009600000,0x0000000009700000)]
  0x00000000024f0800 JavaThread "main" [_thread_in_Java, id=10144, stack(0x00000000023f0000,0x00000000024f0000)]

Other Threads:
  0x0000000008440000 VMThread [stack: 0x0000000009500000,0x0000000009600000] [id=12200]
  0x00000000084b4000 WatcherThread [stack: 0x0000000009d00000,0x0000000009e00000] [id=12444]

VM state:not at safepoint (normal execution)

VM Mutex/Monitor currently owned by a thread: None

Heap
 PSYoungGen      total 220160K, used 60827K [0x00000000eaa80000, 0x0000000100000000, 0x0000000100000000)
  eden space 162304K, 4% used [0x00000000eaa80000,0x00000000eb0ea398,0x00000000f4900000)
  from space 57856K, 93% used [0x00000000f4900000,0x00000000f7dfc9f8,0x00000000f8180000)
  to   space 96256K, 0% used [0x00000000fa200000,0x00000000fa200000,0x0000000100000000)
 ParOldGen       total 360960K, used 231616K [0x00000000c0000000, 0x00000000d6080000, 0x00000000eaa80000)
  object space 360960K, 64% used [0x00000000c0000000,0x00000000ce2303d0,0x00000000d6080000)
 PSPermGen       total 21504K, used 6203K [0x00000000bae00000, 0x00000000bc300000, 0x00000000c0000000)
  object space 21504K, 28% used [0x00000000bae00000,0x00000000bb40ed58,0x00000000bc300000)

Card table byte_map: [0x00000000056b0000,0x00000000058e0000] byte_map_base: 0x00000000050d9000

Polling page: 0x0000000002030000

Code Cache  [0x00000000025f0000, 0x0000000002990000, 0x00000000055f0000)
 total_blobs=1261 nmethods=1023 adapters=191 free_code_cache=45540Kb largest_free_block=46547136

Compilation events (10 events):
Event: 69.970 Thread 0x0000000008497800 nmethod 1059 0x00000000028e19d0 code [0x00000000028e1b00, 0x00000000028e1b78]
Event: 69.971 Thread 0x0000000008497800 1060             com.android.dx.rop.annotation.Annotations::addAll (59 bytes)
Event: 70.026 Thread 0x0000000008497800 nmethod 1060 0x00000000028dcb10 code [0x00000000028dcca0, 0x00000000028dd098]
Event: 70.141 Thread 0x0000000008497800 1061             com.android.dx.ssa.back.FirstFitLocalCombiningAllocator::rangeContainsReserved (30 bytes)
Event: 70.159 Thread 0x0000000008497800 nmethod 1061 0x00000000028dc6d0 code [0x00000000028dc820, 0x00000000028dc9d8]
Event: 70.202 Thread 0x0000000008497800 1062             com.android.dx.rop.code.Rop::<init> (15 bytes)
Event: 87.309 Thread 0x0000000008497800 nmethod 1062 0x00000000028dc310 code [0x00000000028dc460, 0x00000000028dc558]
Event: 87.310 Thread 0x0000000008497800 1063             java.lang.ref.Reference::get (5 bytes)
Event: 87.312 Thread 0x0000000008497800 nmethod 1063 0x00000000028dc0d0 code [0x00000000028dc200, 0x00000000028dc258]
Event: 87.314 Thread 0x0000000008497800 1064   !         com.android.dx.rop.type.Type::putIntern (50 bytes)

GC Heap History (10 events):
Event: 60.650 GC heap before
{Heap before GC invocations=19 (full 3):
 PSYoungGen      total 245760K, used 239034K [0x00000000eaa80000, 0x00000000ffd80000, 0x0000000100000000)
  eden space 192512K, 100% used [0x00000000eaa80000,0x00000000f6680000,0x00000000f6680000)
  from space 53248K, 87% used [0x00000000f6680000,0x00000000f93ee8c8,0x00000000f9a80000)
  to   space 59392K, 0% used [0x00000000fc380000,0x00000000fc380000,0x00000000ffd80000)
 ParOldGen       total 220672K, used 131484K [0x00000000c0000000, 0x00000000cd780000, 0x00000000eaa80000)
  object space 220672K, 59% used [0x00000000c0000000,0x00000000c8067070,0x00000000cd780000)
 PSPermGen       total 21504K, used 6186K [0x00000000bae00000, 0x00000000bc300000, 0x00000000c0000000)
  object space 21504K, 28% used [0x00000000bae00000,0x00000000bb40ab50,0x00000000bc300000)
Event: 61.372 GC heap after
Heap after GC invocations=19 (full 3):
 PSYoungGen      total 259584K, used 59364K [0x00000000eaa80000, 0x0000000100000000, 0x0000000100000000)
  eden space 200192K, 0% used [0x00000000eaa80000,0x00000000eaa80000,0x00000000f6e00000)
  from space 59392K, 99% used [0x00000000fc380000,0x00000000ffd79328,0x00000000ffd80000)
  to   space 74752K, 0% used [0x00000000f6e00000,0x00000000f6e00000,0x00000000fb700000)
 ParOldGen       total 220672K, used 146172K [0x00000000c0000000, 0x00000000cd780000, 0x00000000eaa80000)
  object space 220672K, 66% used [0x00000000c0000000,0x00000000c8ebf108,0x00000000cd780000)
 PSPermGen       total 21504K, used 6186K [0x00000000bae00000, 0x00000000bc300000, 0x00000000c0000000)
  object space 21504K, 28% used [0x00000000bae00000,0x00000000bb40ab50,0x00000000bc300000)
}
Event: 64.053 GC heap before
{Heap before GC invocations=20 (full 3):
 PSYoungGen      total 259584K, used 259556K [0x00000000eaa80000, 0x0000000100000000, 0x0000000100000000)
  eden space 200192K, 100% used [0x00000000eaa80000,0x00000000f6e00000,0x00000000f6e00000)
  from space 59392K, 99% used [0x00000000fc380000,0x00000000ffd79328,0x00000000ffd80000)
  to   space 74752K, 0% used [0x00000000f6e00000,0x00000000f6e00000,0x00000000fb700000)
 ParOldGen       total 220672K, used 146172K [0x00000000c0000000, 0x00000000cd780000, 0x00000000eaa80000)
  object space 220672K, 66% used [0x00000000c0000000,0x00000000c8ebf108,0x00000000cd780000)
 PSPermGen       total 21504K, used 6196K [0x00000000bae00000, 0x00000000bc300000, 0x00000000c0000000)
  object space 21504K, 28% used [0x00000000bae00000,0x00000000bb40d1f8,0x00000000bc300000)
Event: 64.687 GC heap after
Heap after GC invocations=20 (full 3):
 PSYoungGen      total 253952K, used 53415K [0x00000000eaa80000, 0x0000000100000000, 0x0000000100000000)
  eden space 200192K, 0% used [0x00000000eaa80000,0x00000000eaa80000,0x00000000f6e00000)
  from space 53760K, 99% used [0x00000000f6e00000,0x00000000fa229dc0,0x00000000fa280000)
  to   space 79872K, 0% used [0x00000000fb200000,0x00000000fb200000,0x0000000100000000)
 ParOldGen       total 220672K, used 179917K [0x00000000c0000000, 0x00000000cd780000, 0x00000000eaa80000)
  object space 220672K, 81% used [0x00000000c0000000,0x00000000cafb3488,0x00000000cd780000)
 PSPermGen       total 21504K, used 6196K [0x00000000bae00000, 0x00000000bc300000, 0x00000000c0000000)
  object space 21504K, 28% used [0x00000000bae00000,0x00000000bb40d1f8,0x00000000bc300000)
}
Event: 66.946 GC heap before
{Heap before GC invocations=21 (full 3):
 PSYoungGen      total 253952K, used 253607K [0x00000000eaa80000, 0x0000000100000000, 0x0000000100000000)
  eden space 200192K, 100% used [0x00000000eaa80000,0x00000000f6e00000,0x00000000f6e00000)
  from space 53760K, 99% used [0x00000000f6e00000,0x00000000fa229dc0,0x00000000fa280000)
  to   space 79872K, 0% used [0x00000000fb200000,0x00000000fb200000,0x0000000100000000)
 ParOldGen       total 220672K, used 179917K [0x00000000c0000000, 0x00000000cd780000, 0x00000000eaa80000)
  object space 220672K, 81% used [0x00000000c0000000,0x00000000cafb3488,0x00000000cd780000)
 PSPermGen       total 21504K, used 6200K [0x00000000bae00000, 0x00000000bc300000, 0x00000000c0000000)
  object space 21504K, 28% used [0x00000000bae00000,0x00000000bb40e0f8,0x00000000bc300000)
Event: 67.630 GC heap after
Heap after GC invocations=21 (full 3):
 PSYoungGen      total 242176K, used 79865K [0x00000000eaa80000, 0x0000000100000000, 0x0000000100000000)
  eden space 162304K, 0% used [0x00000000eaa80000,0x00000000eaa80000,0x00000000f4900000)
  from space 79872K, 99% used [0x00000000fb200000,0x00000000ffffe688,0x0000000100000000)
  to   space 93696K, 0% used [0x00000000f4900000,0x00000000f4900000,0x00000000fa480000)
 ParOldGen       total 220672K, used 181540K [0x00000000c0000000, 0x00000000cd780000, 0x00000000eaa80000)
  object space 220672K, 82% used [0x00000000c0000000,0x00000000cb1493c8,0x00000000cd780000)
 PSPermGen       total 21504K, used 6200K [0x00000000bae00000, 0x00000000bc300000, 0x00000000c0000000)
  object space 21504K, 28% used [0x00000000bae00000,0x00000000bb40e0f8,0x00000000bc300000)
}
Event: 70.210 GC heap before
{Heap before GC invocations=22 (full 3):
 PSYoungGen      total 242176K, used 242169K [0x00000000eaa80000, 0x0000000100000000, 0x0000000100000000)
  eden space 162304K, 100% used [0x00000000eaa80000,0x00000000f4900000,0x00000000f4900000)
  from space 79872K, 99% used [0x00000000fb200000,0x00000000ffffe688,0x0000000100000000)
  to   space 93696K, 0% used [0x00000000f4900000,0x00000000f4900000,0x00000000fa480000)
 ParOldGen       total 220672K, used 181540K [0x00000000c0000000, 0x00000000cd780000, 0x00000000eaa80000)
  object space 220672K, 82% used [0x00000000c0000000,0x00000000cb1493c8,0x00000000cd780000)
 PSPermGen       total 21504K, used 6202K [0x00000000bae00000, 0x00000000bc300000, 0x00000000c0000000)
  object space 21504K, 28% used [0x00000000bae00000,0x00000000bb40ea38,0x00000000bc300000)
Event: 71.171 GC heap after
Heap after GC invocations=22 (full 3):
 PSYoungGen      total 220160K, used 57661K [0x00000000eaa80000, 0x0000000100000000, 0x0000000100000000)
  eden space 162304K, 0% used [0x00000000eaa80000,0x00000000eaa80000,0x00000000f4900000)
  from space 57856K, 99% used [0x00000000f4900000,0x00000000f814f650,0x00000000f8180000)
  to   space 96256K, 0% used [0x00000000fa200000,0x00000000fa200000,0x0000000100000000)
 ParOldGen       total 231936K, used 231792K [0x00000000c0000000, 0x00000000ce280000, 0x00000000eaa80000)
  object space 231936K, 99% used [0x00000000c0000000,0x00000000ce25c318,0x00000000ce280000)
 PSPermGen       total 21504K, used 6202K [0x00000000bae00000, 0x00000000bc300000, 0x00000000c0000000)
  object space 21504K, 28% used [0x00000000bae00000,0x00000000bb40ea38,0x00000000bc300000)
}
Event: 71.171 GC heap before
{Heap before GC invocations=23 (full 4):
 PSYoungGen      total 220160K, used 57661K [0x00000000eaa80000, 0x0000000100000000, 0x0000000100000000)
  eden space 162304K, 0% used [0x00000000eaa80000,0x00000000eaa80000,0x00000000f4900000)
  from space 57856K, 99% used [0x00000000f4900000,0x00000000f814f650,0x00000000f8180000)
  to   space 96256K, 0% used [0x00000000fa200000,0x00000000fa200000,0x0000000100000000)
 ParOldGen       total 231936K, used 231792K [0x00000000c0000000, 0x00000000ce280000, 0x00000000eaa80000)
  object space 231936K, 99% used [0x00000000c0000000,0x00000000ce25c318,0x00000000ce280000)
 PSPermGen       total 21504K, used 6202K [0x00000000bae00000, 0x00000000bc300000, 0x00000000c0000000)
  object space 21504K, 28% used [0x00000000bae00000,0x00000000bb40ea38,0x00000000bc300000)
Event: 87.285 GC heap after
Heap after GC invocations=23 (full 4):
 PSYoungGen      total 220160K, used 54258K [0x00000000eaa80000, 0x0000000100000000, 0x0000000100000000)
  eden space 162304K, 0% used [0x00000000eaa80000,0x00000000eaa80000,0x00000000f4900000)
  from space 57856K, 93% used [0x00000000f4900000,0x00000000f7dfc9f8,0x00000000f8180000)
  to   space 96256K, 0% used [0x00000000fa200000,0x00000000fa200000,0x0000000100000000)
 ParOldGen       total 360960K, used 231616K [0x00000000c0000000, 0x00000000d6080000, 0x00000000eaa80000)
  object space 360960K, 64% used [0x00000000c0000000,0x00000000ce2303d0,0x00000000d6080000)
 PSPermGen       total 21504K, used 6202K [0x00000000bae00000, 0x00000000bc300000, 0x00000000c0000000)
  object space 21504K, 28% used [0x00000000bae00000,0x00000000bb40e958,0x00000000bc300000)
}

Deoptimization events (10 events):
Event: 62.840 Thread 0x000000000a177800 Uncommon trap: reason=bimorphic action=maybe_recompile pc=0x000000000293f2f4 method=com.android.dx.cf.code.BytecodeArray.parseInstruction(ILcom/android/dx/cf/code/BytecodeArray$Visitor;)I @ 1083
Event: 64.696 Thread 0x000000000a060000 Uncommon trap: reason=bimorphic action=maybe_recompile pc=0x000000000294f400 method=com.android.dx.cf.code.BytecodeArray.parseInstruction(ILcom/android/dx/cf/code/BytecodeArray$Visitor;)I @ 1327
Event: 64.697 Thread 0x000000000a060000 Uncommon trap: reason=bimorphic action=maybe_recompile pc=0x000000000294f400 method=com.android.dx.cf.code.BytecodeArray.parseInstruction(ILcom/android/dx/cf/code/BytecodeArray$Visitor;)I @ 1327
Event: 65.099 Thread 0x000000000a060000 Uncommon trap: reason=range_check action=make_not_entrant pc=0x00000000028c0ca8 method=java.util.DualPivotQuicksort.sort([IIIZ)V @ 56
Event: 66.916 Thread 0x000000000a177800 Uncommon trap: reason=class_check action=maybe_recompile pc=0x00000000027b70c4 method=com.android.dx.ssa.SCCP.replaceConstants()V @ 182
Event: 67.943 Thread 0x000000000a060800 Uncommon trap: reason=bimorphic action=maybe_recompile pc=0x000000000295faa0 method=com.android.dx.cf.code.BytecodeArray.parseInstruction(ILcom/android/dx/cf/code/BytecodeArray$Visitor;)I @ 2554
Event: 67.944 Thread 0x000000000a060800 Uncommon trap: reason=bimorphic action=maybe_recompile pc=0x000000000295faa0 method=com.android.dx.cf.code.BytecodeArray.parseInstruction(ILcom/android/dx/cf/code/BytecodeArray$Visitor;)I @ 2554
Event: 68.637 Thread 0x000000000a060800 Uncommon trap: reason=unreached action=reinterpret pc=0x00000000028bf260 method=com.android.dx.rop.code.LocalItem.compareHandlesNulls(Lcom/android/dx/rop/cst/CstString;Lcom/android/dx/rop/cst/CstString;)I @ 8
Event: 68.638 Thread 0x000000000a060800 Uncommon trap: reason=unreached action=reinterpret pc=0x00000000028983b8 method=com.android.dx.rop.code.LocalItem.compareHandlesNulls(Lcom/android/dx/rop/cst/CstString;Lcom/android/dx/rop/cst/CstString;)I @ 8
Event: 68.659 Thread 0x000000000a060800 Uncommon trap: reason=unreached action=reinterpret pc=0x0000000002873938 method=com.android.dx.rop.code.LocalItem.compareHandlesNulls(Lcom/android/dx/rop/cst/CstString;Lcom/android/dx/rop/cst/CstString;)I @ 8

Internal exceptions (10 events):
Event: 33.411 Thread 0x0000000009e87800 Implicit null exception at 0x000000000285df1c to 0x0000000002862385
Event: 33.556 Thread 0x0000000009e87800 Implicit null exception at 0x00000000028382eb to 0x0000000002838e25
Event: 38.369 Thread 0x00000000024f0800 Threw 0x00000000f17e1740 at C:\re\jdk7u45\229\hotspot\src\share\vm\prims\jvm.cpp:1244
Event: 47.289 Thread 0x000000000a177800 Implicit null exception at 0x00000000027faf57 to 0x00000000027fb0d9
Event: 47.289 Thread 0x000000000a177800 Implicit null exception at 0x00000000027484c3 to 0x000000000274862d
Event: 47.402 Thread 0x000000000a177800 Implicit null exception at 0x00000000026d179c to 0x00000000026d18a9
Event: 59.657 Thread 0x000000000a060800 Threw 0x00000000efc92058 at C:\re\jdk7u45\229\hotspot\src\share\vm\prims\jvm.cpp:1244
Event: 68.637 Thread 0x000000000a060800 Implicit null exception at 0x00000000028beff8 to 0x00000000028bf24d
Event: 68.638 Thread 0x000000000a060800 Implicit null exception at 0x0000000002898164 to 0x00000000028983a5
Event: 68.659 Thread 0x000000000a060800 Implicit null exception at 0x0000000002873818 to 0x0000000002873925

Events (10 events):
Event: 68.638 Thread 0x000000000a060800 DEOPT PACKING pc=0x00000000028bf260 sp=0x000000000a6fed90
Event: 68.638 Thread 0x000000000a060800 DEOPT UNPACKING pc=0x0000000002629064 sp=0x000000000a6fec70 mode 2
Event: 68.638 Thread 0x000000000a060800 Uncommon trap: trap_request=0xffffffad fr.pc=0x00000000028983b8
Event: 68.638 Thread 0x000000000a060800 DEOPT PACKING pc=0x00000000028983b8 sp=0x000000000a6fecd0
Event: 68.638 Thread 0x000000000a060800 DEOPT UNPACKING pc=0x0000000002629064 sp=0x000000000a6fec20 mode 2
Event: 68.659 Thread 0x000000000a060800 Uncommon trap: trap_request=0xffffffad fr.pc=0x0000000002873938
Event: 68.659 Thread 0x000000000a060800 DEOPT PACKING pc=0x0000000002873938 sp=0x000000000a6feb70
Event: 68.659 Thread 0x000000000a060800 DEOPT UNPACKING pc=0x0000000002629064 sp=0x000000000a6feb18 mode 2
Event: 70.204 Executing VM operation: ParallelGCFailedAllocation
Event: 87.285 Executing VM operation: ParallelGCFailedAllocation done


Dynamic libraries:
0x00007ff7666c0000 - 0x00007ff7666f3000 	C:\Program Files\Java\jdk1.7.0_45\bin\java.exe
0x00007fffd1950000 - 0x00007fffd1afd000 	C:\windows\SYSTEM32\ntdll.dll
0x00007fffd14f0000 - 0x00007fffd162e000 	C:\windows\system32\KERNEL32.DLL
0x00007fffce910000 - 0x00007fffcea25000 	C:\windows\system32\KERNELBASE.dll
0x00007fffcd2d0000 - 0x00007fffcd35e000 	C:\windows\system32\apphelp.dll
0x00007fffaf580000 - 0x00007fffaf5d3000 	C:\windows\AppPatch\AppPatch64\AcGenral.DLL
0x00007fffcee90000 - 0x00007fffcef3a000 	C:\windows\system32\msvcrt.dll
0x00007fffcec10000 - 0x00007fffcec3e000 	C:\windows\system32\SspiCli.dll
0x00007fffd18f0000 - 0x00007fffd1944000 	C:\windows\system32\SHLWAPI.dll
0x00007fffd10f0000 - 0x00007fffd1267000 	C:\windows\system32\USER32.dll
0x00007fffd1630000 - 0x00007fffd17c4000 	C:\windows\system32\ole32.dll
0x00007fffcf730000 - 0x00007fffd0c5b000 	C:\windows\system32\SHELL32.dll
0x00007fffcdca0000 - 0x00007fffcdcc1000 	C:\windows\SYSTEM32\USERENV.dll
0x00007fffcf440000 - 0x00007fffcf4ea000 	C:\windows\system32\ADVAPI32.dll
0x00007fffc6ec0000 - 0x00007fffc6ede000 	C:\windows\SYSTEM32\MPR.dll
0x00007fffcf530000 - 0x00007fffcf670000 	C:\windows\system32\RPCRT4.dll
0x00007fffcf670000 - 0x00007fffcf6c9000 	C:\windows\SYSTEM32\sechost.dll
0x00007fffcf020000 - 0x00007fffcf231000 	C:\windows\SYSTEM32\combase.dll
0x00007fffd0d00000 - 0x00007fffd0e4f000 	C:\windows\system32\GDI32.dll
0x00007fffce680000 - 0x00007fffce695000 	C:\windows\SYSTEM32\profapi.dll
0x00007fffccc80000 - 0x00007fffccd32000 	C:\windows\SYSTEM32\SHCORE.dll
0x00007fffcf4f0000 - 0x00007fffcf526000 	C:\windows\system32\IMM32.DLL
0x00007fffd0f90000 - 0x00007fffd10e2000 	C:\windows\system32\MSCTF.dll
0x00007fffcc230000 - 0x00007fffcc4aa000 	C:\windows\WinSxS\amd64_microsoft.windows.common-controls_6595b64144ccf1df_6.0.9600.17810_none_6240b9c7ecbd0bda\COMCTL32.dll
0x0000000062670000 - 0x0000000062742000 	C:\Program Files\Java\jdk1.7.0_45\jre\bin\msvcr100.dll
0x0000000063060000 - 0x0000000063829000 	C:\Program Files\Java\jdk1.7.0_45\jre\bin\server\jvm.dll
0x00007fffc1700000 - 0x00007fffc1709000 	C:\windows\SYSTEM32\WSOCK32.dll
0x00007fffcec50000 - 0x00007fffcec72000 	C:\windows\system32\WINMM.dll
0x00007fffcee10000 - 0x00007fffcee17000 	C:\windows\system32\PSAPI.DLL
0x00007fffd17d0000 - 0x00007fffd182a000 	C:\windows\system32\WS2_32.dll
0x00007fffce780000 - 0x00007fffce7aa000 	C:\windows\system32\WINMMBASE.dll
0x00007fffcf430000 - 0x00007fffcf439000 	C:\windows\system32\NSI.dll
0x00007fffce8c0000 - 0x00007fffce90f000 	C:\windows\SYSTEM32\cfgmgr32.dll
0x00007fffce730000 - 0x00007fffce758000 	C:\windows\system32\DEVOBJ.dll
0x0000000063050000 - 0x000000006305f000 	C:\Program Files\Java\jdk1.7.0_45\jre\bin\verify.dll
0x0000000063020000 - 0x0000000063048000 	C:\Program Files\Java\jdk1.7.0_45\jre\bin\java.dll
0x0000000063000000 - 0x0000000063015000 	C:\Program Files\Java\jdk1.7.0_45\jre\bin\zip.dll
0x0000000062fe0000 - 0x0000000062ff9000 	C:\Program Files\Java\jdk1.7.0_45\jre\bin\net.dll
0x00007fffcdf10000 - 0x00007fffcdf69000 	C:\windows\system32\mswsock.dll
0x0000000062fc0000 - 0x0000000062fd1000 	C:\Program Files\Java\jdk1.7.0_45\jre\bin\nio.dll

VM Arguments:
jvm_args: -Djava.awt.headless=true -Xmx1024M -Dfile.encoding=GBK -Duser.country=CN -Duser.language=zh -Duser.variant 
java_command: com.android.dx.command.Main --dex --num-threads=4 --multi-dex --main-dex-list E:\Iparking\app\build\intermediates\multi-dex\debug\maindexlist.txt --output E:\Iparking\app\build\intermediates\transforms\dex\debug\folders\1000\1f\main E:\Iparking\app\build\intermediates\transforms\jarMerging\debug\jars\1\1f\combined.jar
Launcher Type: SUN_STANDARD

Environment Variables:
JAVA_HOME=C:\Program Files\Java\jdk1.7.0_45
CLASSPATH=.;C:\Program Files\Java\jdk1.7.0_45\lib;C:\Program Files\Java\jdk1.7.0_45\lib\tools.jar
PATH=C:\ProgramData\Oracle\Java\javapath;C:\Program Files\Java\jdk1.7.0_45\bin;C:\Program Files\Java\jdk1.7.0_45\jre\bin;;C:\windows\system32;C:\windows;C:\windows\system32\wbem;E:\SQL2012\110\Tools\Binn\ManagementStudio\;E:\SQL2012\110\Tools\Binn\;E:\sql\110\Tools\Binn\;C:\Program Files (x86)\Microsoft Visual Studio 10.0\Common7\IDE\PrivateAssemblies\;E:\SQL2012\110\DTS\Binn\;D:\local\android\sdk\platform-tools
USERNAME=ying
OS=Windows_NT
PROCESSOR_IDENTIFIER=AMD64 Family 22 Model 0 Stepping 1, AuthenticAMD



---------------  S Y S T E M  ---------------

OS: Windows 8 , 64 bit Build 9200 

CPU:total 4 (4 cores per cpu, 1 threads per core) family 22 model 0 stepping 1, cmov, cx8, fxsr, mmx, sse, sse2, sse3, ssse3, sse4.1, sse4.2, popcnt, avx, aes, mmxext, 3dnowpref, lzcnt, sse4a, tsc, tscinvbit, tscinv

Memory: 4k page, physical 3611472k(159236k free), swap 6989652k(8736k free)

vm_info: Java HotSpot(TM) 64-Bit Server VM (24.45-b08) for windows-amd64 JRE (1.7.0_45-b18), built on Oct  8 2013 05:47:22 by "java_re" with unknown MS VC++:1600

time: Thu Jul 27 22:54:07 2017
elapsed time: 87 seconds

