#
# There is insufficient memory for the Java Runtime Environment to continue.
# Native memory allocation (malloc) failed to allocate 1048576 bytes for AllocateHeap
# Possible reasons:
#   The system is out of physical RAM or swap space
#   In 32 bit mode, the process size limit was hit
# Possible solutions:
#   Reduce memory load on the system
#   Increase physical memory or swap space
#   Check if swap backing store is full
#   Use 64 bit Java on a 64 bit OS
#   Decrease Java heap size (-Xmx/-Xms)
#   Decrease number of Java threads
#   Decrease Java thread stack sizes (-Xss)
#   Set larger code cache with -XX:ReservedCodeCacheSize=
# This output file may be truncated or incomplete.
#
#  Out of Memory Error (memory/allocation.inline.hpp:61), pid=3624, tid=3548
#
# JRE version:  (7.0_45-b18) (build )
# Java VM: Java HotSpot(TM) 64-Bit Server VM (24.45-b08 mixed mode windows-amd64 compressed oops)
# Failed to write core dump. Minidumps are not enabled by default on client versions of Windows
#

---------------  T H R E A D  ---------------

Current thread (0x0000000002650800):  JavaThread "Unknown thread" [_thread_in_vm, id=3548, stack(0x00000000021c0000,0x00000000022c0000)]

Stack: [0x00000000021c0000,0x00000000022c0000]

---------------  P R O C E S S  ---------------

Java Threads: ( => current thread )

Other Threads:

=>0x0000000002650800 (exited) JavaThread "Unknown thread" [_thread_in_vm, id=3548, stack(0x00000000021c0000,0x00000000022c0000)]

VM state:not at safepoint (normal execution)

VM Mutex/Monitor currently owned by a thread: None

Heap
 PSYoungGen      total 16896K, used 297K [0x00000000eaa80000, 0x00000000ebd00000, 0x0000000100000000)
  eden space 14848K, 2% used [0x00000000eaa80000,0x00000000eaaca440,0x00000000eb900000)
  from space 2048K, 0% used [0x00000000ebb00000,0x00000000ebb00000,0x00000000ebd00000)
  to   space 2048K, 0% used [0x00000000eb900000,0x00000000eb900000,0x00000000ebb00000)
 ParOldGen       total 37376K, used 0K [0x00000000c0000000, 0x00000000c2480000, 0x00000000eaa80000)
  object space 37376K, 0% used [0x00000000c0000000,0x00000000c0000000,0x00000000c2480000)
 PSPermGen       total 21504K, used 673K [0x00000000bae00000, 0x00000000bc300000, 0x00000000c0000000)
  object space 21504K, 3% used [0x00000000bae00000,0x00000000baea8570,0x00000000bc300000)

Card table byte_map: [0x0000000005810000,0x0000000005a40000] byte_map_base: 0x0000000005239000

Polling page: 0x00000000022c0000

Code Cache  [0x0000000002750000, 0x00000000029c0000, 0x0000000005750000)
 total_blobs=37 nmethods=0 adapters=20 free_code_cache=48890Kb largest_free_block=50063104

Compilation events (0 events):
No events

GC Heap History (0 events):
No events

Deoptimization events (0 events):
No events

Internal exceptions (0 events):
No events

Events (10 events):
Event: 1.255 loading class 0x0000000002696530
Event: 1.255 loading class 0x0000000002696530 done
Event: 1.255 loading class 0x0000000002696580
Event: 1.256 loading class 0x0000000002696580 done
Event: 1.256 loading class 0x00000000026965d0
Event: 1.257 loading class 0x00000000026965d0 done
Event: 1.260 loading class 0x0000000002697330
Event: 1.261 loading class 0x0000000002697330 done
Event: 1.261 loading class 0x0000000002696f50
Event: 1.261 loading class 0x0000000002696f50 done


Dynamic libraries:
0x00007ff640550000 - 0x00007ff640583000 	C:\Program Files\Java\jdk1.7.0_45\bin\java.exe
0x00007ffaa0230000 - 0x00007ffaa03dd000 	C:\windows\SYSTEM32\ntdll.dll
0x00007ffa9d870000 - 0x00007ffa9d9ae000 	C:\windows\system32\KERNEL32.DLL
0x00007ffa9d390000 - 0x00007ffa9d4a5000 	C:\windows\system32\KERNELBASE.dll
0x00007ffa9bbb0000 - 0x00007ffa9bc3e000 	C:\windows\system32\apphelp.dll
0x00007ffa879f0000 - 0x00007ffa87a43000 	C:\windows\AppPatch\AppPatch64\AcGenral.DLL
0x00007ffa9ff50000 - 0x00007ffa9fffa000 	C:\windows\system32\msvcrt.dll
0x00007ffa9d120000 - 0x00007ffa9d14e000 	C:\windows\system32\SspiCli.dll
0x00007ffa9e710000 - 0x00007ffa9e764000 	C:\windows\system32\SHLWAPI.dll
0x00007ffa9d9b0000 - 0x00007ffa9db27000 	C:\windows\system32\USER32.dll
0x00007ffa9dff0000 - 0x00007ffa9e184000 	C:\windows\system32\ole32.dll
0x00007ffa9ea20000 - 0x00007ffa9ff4b000 	C:\windows\system32\SHELL32.dll
0x00007ffa9c580000 - 0x00007ffa9c5a1000 	C:\windows\SYSTEM32\USERENV.dll
0x00007ffa9e660000 - 0x00007ffa9e70a000 	C:\windows\system32\ADVAPI32.dll
0x00007ffa957b0000 - 0x00007ffa957ce000 	C:\windows\SYSTEM32\MPR.dll
0x00007ffa9e8d0000 - 0x00007ffa9ea10000 	C:\windows\system32\RPCRT4.dll
0x00007ffaa01d0000 - 0x00007ffaa0229000 	C:\windows\SYSTEM32\sechost.dll
0x00007ffa9e440000 - 0x00007ffa9e651000 	C:\windows\SYSTEM32\combase.dll
0x00007ffa9e190000 - 0x00007ffa9e2df000 	C:\windows\system32\GDI32.dll
0x00007ffa9cf60000 - 0x00007ffa9cf75000 	C:\windows\SYSTEM32\profapi.dll
0x00007ffa9b560000 - 0x00007ffa9b612000 	C:\windows\SYSTEM32\SHCORE.dll
0x00007ffa9e790000 - 0x00007ffa9e7c6000 	C:\windows\system32\IMM32.DLL
0x00007ffa9d610000 - 0x00007ffa9d762000 	C:\windows\system32\MSCTF.dll
0x00007ffa9ac40000 - 0x00007ffa9aeba000 	C:\windows\WinSxS\amd64_microsoft.windows.common-controls_6595b64144ccf1df_6.0.9600.17810_none_6240b9c7ecbd0bda\COMCTL32.dll
0x0000000077720000 - 0x00000000777f2000 	C:\Program Files\Java\jdk1.7.0_45\jre\bin\msvcr100.dll
0x0000000077830000 - 0x0000000077ff9000 	C:\Program Files\Java\jdk1.7.0_45\jre\bin\server\jvm.dll
0x00007ffa8ffe0000 - 0x00007ffa8ffe9000 	C:\windows\SYSTEM32\WSOCK32.dll
0x00007ffa9d0f0000 - 0x00007ffa9d112000 	C:\windows\system32\WINMM.dll
0x00007ffa9ddd0000 - 0x00007ffa9ddd7000 	C:\windows\system32\PSAPI.DLL
0x00007ffa9df90000 - 0x00007ffa9dfea000 	C:\windows\system32\WS2_32.dll
0x00007ffa9d040000 - 0x00007ffa9d06a000 	C:\windows\system32\WINMMBASE.dll
0x00007ffa9ea10000 - 0x00007ffa9ea19000 	C:\windows\system32\NSI.dll
0x00007ffa9d090000 - 0x00007ffa9d0df000 	C:\windows\SYSTEM32\cfgmgr32.dll
0x00007ffa9d010000 - 0x00007ffa9d038000 	C:\windows\system32\DEVOBJ.dll
0x0000000050390000 - 0x000000005039f000 	C:\Program Files\Java\jdk1.7.0_45\jre\bin\verify.dll
0x0000000050360000 - 0x0000000050388000 	C:\Program Files\Java\jdk1.7.0_45\jre\bin\java.dll
0x0000000050340000 - 0x0000000050355000 	C:\Program Files\Java\jdk1.7.0_45\jre\bin\zip.dll

VM Arguments:
jvm_args: -Djava.awt.headless=true -Xmx1024M -Dfile.encoding=GBK -Duser.country=CN -Duser.language=zh -Duser.variant 
java_command: com.android.dx.command.Main --dex --num-threads=4 --multi-dex --output E:\Iparking\app\build\intermediates\transforms\dex\debug\folders\1000\10\com.android.support-appcompat-v7-23.1.1_e893b51ec2c5b5b476484cf4f97b2d350d90e39d E:\Iparking\app\build\intermediates\exploded-aar\com.android.support\appcompat-v7\23.1.1\jars\classes.jar
Launcher Type: SUN_STANDARD

Environment Variables:
JAVA_HOME=C:\Program Files\Java\jdk1.7.0_45
CLASSPATH=.;C:\Program Files\Java\jdk1.7.0_45\lib;C:\Program Files\Java\jdk1.7.0_45\lib\tools.jar
PATH=C:\ProgramData\Oracle\Java\javapath;C:\Program Files\Java\jdk1.7.0_45\bin;C:\Program Files\Java\jdk1.7.0_45\jre\bin;;C:\windows\system32;C:\windows;C:\windows\system32\wbem;E:\SQL2012\110\Tools\Binn\ManagementStudio\;E:\SQL2012\110\Tools\Binn\;E:\sql\110\Tools\Binn\;C:\Program Files (x86)\Microsoft Visual Studio 10.0\Common7\IDE\PrivateAssemblies\;E:\SQL2012\110\DTS\Binn\;D:\local\android\sdk\platform-tools
USERNAME=ying
OS=Windows_NT
PROCESSOR_IDENTIFIER=AMD64 Family 22 Model 0 Stepping 1, AuthenticAMD



---------------  S Y S T E M  ---------------

OS: Windows 8 , 64 bit Build 9200 

CPU:total 4 (4 cores per cpu, 1 threads per core) family 22 model 0 stepping 1, cmov, cx8, fxsr, mmx, sse, sse2, sse3, ssse3, sse4.1, sse4.2, popcnt, avx, aes, mmxext, 3dnowpref, lzcnt, sse4a, tsc, tscinvbit, tscinv

Memory: 4k page, physical 3611472k(129972k free), swap 6989652k(5832k free)

vm_info: Java HotSpot(TM) 64-Bit Server VM (24.45-b08) for windows-amd64 JRE (1.7.0_45-b18), built on Oct  8 2013 05:47:22 by "java_re" with unknown MS VC++:1600

time: Wed Jul 19 21:49:23 2017
elapsed time: 1 seconds

